<?xml version="1.0" encoding="UTF-8"?>
<!-- Generated by org.testng.reporters.JUnitXMLReporter -->
<testsuite ignored="9" hostname="DESKTOP-D49DQUF" failures="3" tests="35" name="edge_test" time="51.366" errors="0" timestamp="2022-05-04T17:05:26 EDT">
  <testcase classname="dsAlgo_TestCases.Register_TestCase" name="startPage" time="1.114"/>
  <testcase classname="dsAlgo_TestCases.Register_TestCase" name="VerifyRegisterPageTitle" time="0.016"/>
  <testcase classname="dsAlgo_TestCases.Register_TestCase" name="InvalidRegister" time="0.923">
    <failure type="java.lang.AssertionError" message="Invalid Username and password">
      <![CDATA[java.lang.AssertionError: Invalid Username and password
at dsAlgo_TestCases.Register_TestCase.InvalidRegister(Register_TestCase.java:72)
at java.base/java.util.ArrayList.forEach(ArrayList.java:1511)
... Removed 28 stack frames]]>
    </failure>
  </testcase> <!-- InvalidRegister -->
  <testcase classname="dsAlgo_TestCases.Register_TestCase" name="InvalidRegister" time="0.532">
    <failure type="java.lang.AssertionError" message="Invalid Username and password">
      <![CDATA[java.lang.AssertionError: Invalid Username and password
at dsAlgo_TestCases.Register_TestCase.InvalidRegister(Register_TestCase.java:72)
at java.base/java.util.ArrayList.forEach(ArrayList.java:1511)
... Removed 28 stack frames]]>
    </failure>
  </testcase> <!-- InvalidRegister -->
  <testcase classname="dsAlgo_TestCases.Register_TestCase" name="InvalidRegister" time="0.605">
    <failure type="java.lang.AssertionError" message="Invalid Username and password">
      <![CDATA[java.lang.AssertionError: Invalid Username and password
at dsAlgo_TestCases.Register_TestCase.InvalidRegister(Register_TestCase.java:72)
at java.base/java.util.ArrayList.forEach(ArrayList.java:1511)
... Removed 28 stack frames]]>
    </failure>
  </testcase> <!-- InvalidRegister -->
  <testcase classname="dsAlgo_TestCases.Register_TestCase" name="login" time="0.21"/>
  <testcase classname="dsAlgo_TestCases.Login_Test" name="verifyLogin" time="0.925"/>
  <testcase classname="dsAlgo_TestCases.DsAlgo_HomePage_TestCase" name="verifyHomepageTitle" time="0.012"/>
  <testcase classname="dsAlgo_TestCases.DsAlgo_HomePage_TestCase" name="totalModules" time="0.167"/>
  <testcase classname="dsAlgo_TestCases.DataStructure_TestCase" name="dataStructure" time="1.646"/>
  <testcase classname="dsAlgo_TestCases.DataStructure_TestCase" name="selectArrayModule" time="0.623"/>
  <testcase classname="dsAlgo_TestCases.Array_TestCases" name="VerifyArrayTitle" time="0.015"/>
  <testcase classname="dsAlgo_TestCases.Array_TestCases" name="noOfTopics" time="0.118"/>
  <testcase classname="dsAlgo_TestCases.Array_TestCases" name="Array" time="4.357"/>
  <testcase classname="dsAlgo_TestCases.Array_TestCases" name="SelectGraphModule" time="0.448"/>
  <testcase classname="dsAlgo_TestCases.Graph_TestCases" name="VerifyGraphTitle" time="0.015"/>
  <testcase classname="dsAlgo_TestCases.Graph_TestCases" name="noOfTopics" time="0.083"/>
  <testcase classname="dsAlgo_TestCases.Graph_TestCases" name="Graph" time="2.138"/>
  <testcase classname="dsAlgo_TestCases.Graph_TestCases" name="SelectStackModule" time="0.429"/>
  <testcase classname="dsAlgo_TestCases.Stack_TestCases" name="VerifyStackTitle" time="0.013"/>
  <testcase classname="dsAlgo_TestCases.Stack_TestCases" name="noOfTopics" time="0.087"/>
  <testcase classname="dsAlgo_TestCases.Stack_TestCases" name="Graph" time="1.965"/>
  <testcase classname="dsAlgo_TestCases.Stack_TestCases" name="SelectQueueModule" time="0.42"/>
  <testcase classname="dsAlgo_TestCases.Queue_TestCases" name="VerifyQueueTitle" time="0.014"/>
  <testcase classname="dsAlgo_TestCases.Queue_TestCases" name="noOfTopics" time="0.103"/>
  <testcase classname="dsAlgo_TestCases.Queue_TestCases" name="Graph" time="4.144"/>
  <testcase classname="dsAlgo_TestCases.Queue_TestCases" name="SelectQueueModule" time="0.445"/>
  <testcase classname="dsAlgo_TestCases.Tree_TestCases" name="VerifyTreeTitle" time="0.011"/>
  <testcase classname="dsAlgo_TestCases.Tree_TestCases" name="noOfTopics" time="0.292"/>
  <testcase classname="dsAlgo_TestCases.Tree_TestCases" name="Tree" time="12.618"/>
  <testcase classname="dsAlgo_TestCases.Tree_TestCases" name="SelectQueueModule" time="0.468"/>
  <testcase classname="dsAlgo_TestCases.LinkedList_TestCase" name="VerifyLinkedListTitle" time="0.012"/>
  <testcase classname="dsAlgo_TestCases.LinkedList_TestCase" name="noOfTopics" time="0.223"/>
  <testcase classname="dsAlgo_TestCases.LinkedList_TestCase" name="LinkedList" time="7.209"/>
  <testcase classname="dsAlgo_TestCases.LinkedList_TestCase" name="signOut" time="0.304"/>
  <testcase classname="com.dsalgo.base.Base" name="@BeforeTest crossBrowser" time="0.0">
    <ignored/>
  </testcase> <!-- @BeforeTest crossBrowser -->
  <testcase classname="com.dsalgo.base.Base" name="@BeforeTest crossBrowser" time="0.0">
    <ignored/>
  </testcase> <!-- @BeforeTest crossBrowser -->
  <testcase classname="com.dsalgo.base.Base" name="@BeforeTest crossBrowser" time="0.0">
    <ignored/>
  </testcase> <!-- @BeforeTest crossBrowser -->
  <testcase classname="com.dsalgo.base.Base" name="@BeforeTest crossBrowser" time="0.0">
    <ignored/>
  </testcase> <!-- @BeforeTest crossBrowser -->
  <testcase classname="com.dsalgo.base.Base" name="@BeforeTest crossBrowser" time="0.0">
    <ignored/>
  </testcase> <!-- @BeforeTest crossBrowser -->
  <testcase classname="com.dsalgo.base.Base" name="@BeforeTest crossBrowser" time="0.0">
    <ignored/>
  </testcase> <!-- @BeforeTest crossBrowser -->
  <testcase classname="com.dsalgo.base.Base" name="@BeforeTest crossBrowser" time="0.0">
    <ignored/>
  </testcase> <!-- @BeforeTest crossBrowser -->
  <testcase classname="com.dsalgo.base.Base" name="@BeforeTest crossBrowser" time="0.0">
    <ignored/>
  </testcase> <!-- @BeforeTest crossBrowser -->
  <testcase classname="com.dsalgo.base.Base" name="@BeforeTest crossBrowser" time="0.0">
    <ignored/>
  </testcase> <!-- @BeforeTest crossBrowser -->
</testsuite> <!-- edge_test -->
