<?xml version="1.0" encoding="UTF-8"?>
<!-- Generated by org.testng.reporters.JUnitXMLReporter -->
<testsuite ignored="9" hostname="DESKTOP-D49DQUF" failures="3" tests="34" name="firefox_test" time="70.27" errors="0" timestamp="2022-05-03T18:36:34 EDT">
  <testcase classname="dsAlgo_TestCases.Register_TestCase" name="startPage" time="0.722"/>
  <testcase classname="dsAlgo_TestCases.Register_TestCase" name="InvalidRegister" time="0.6">
    <failure type="java.lang.AssertionError" message="Invalid Username and password">
      <![CDATA[java.lang.AssertionError: Invalid Username and password
at dsAlgo_TestCases.Register_TestCase.InvalidRegister(Register_TestCase.java:72)
at java.base/java.util.ArrayList.forEach(ArrayList.java:1511)
... Removed 28 stack frames]]>
    </failure>
  </testcase> <!-- InvalidRegister -->
  <testcase classname="dsAlgo_TestCases.Register_TestCase" name="InvalidRegister" time="0.661">
    <failure type="java.lang.AssertionError" message="Invalid Username and password">
      <![CDATA[java.lang.AssertionError: Invalid Username and password
at dsAlgo_TestCases.Register_TestCase.InvalidRegister(Register_TestCase.java:72)
at java.base/java.util.ArrayList.forEach(ArrayList.java:1511)
... Removed 28 stack frames]]>
    </failure>
  </testcase> <!-- InvalidRegister -->
  <testcase classname="dsAlgo_TestCases.Register_TestCase" name="InvalidRegister" time="0.713">
    <failure type="java.lang.AssertionError" message="Invalid Username and password">
      <![CDATA[java.lang.AssertionError: Invalid Username and password
at dsAlgo_TestCases.Register_TestCase.InvalidRegister(Register_TestCase.java:72)
at java.base/java.util.ArrayList.forEach(ArrayList.java:1511)
... Removed 28 stack frames]]>
    </failure>
  </testcase> <!-- InvalidRegister -->
  <testcase classname="dsAlgo_TestCases.Register_TestCase" name="login" time="0.291"/>
  <testcase classname="dsAlgo_TestCases.Login_Test" name="verifyLogin" time="0.996"/>
  <testcase classname="dsAlgo_TestCases.DsAlgo_HomePage_TestCase" name="verifyHomepageTitle" time="0.013"/>
  <testcase classname="dsAlgo_TestCases.DsAlgo_HomePage_TestCase" name="totalModules" time="0.208"/>
  <testcase classname="dsAlgo_TestCases.DataStructure_TestCase" name="dataStructure" time="1.753"/>
  <testcase classname="dsAlgo_TestCases.DataStructure_TestCase" name="selectArrayModule" time="0.581"/>
  <testcase classname="dsAlgo_TestCases.Array_TestCases" name="VerifyArrayTitle" time="0.013"/>
  <testcase classname="dsAlgo_TestCases.Array_TestCases" name="noOfTopics" time="0.117"/>
  <testcase classname="dsAlgo_TestCases.Array_TestCases" name="Array" time="4.352"/>
  <testcase classname="dsAlgo_TestCases.Array_TestCases" name="SelectGraphModule" time="0.502"/>
  <testcase classname="dsAlgo_TestCases.Graph_TestCases" name="VerifyGraphTitle" time="0.013"/>
  <testcase classname="dsAlgo_TestCases.Graph_TestCases" name="noOfTopics" time="0.086"/>
  <testcase classname="dsAlgo_TestCases.Graph_TestCases" name="Graph" time="2.045"/>
  <testcase classname="dsAlgo_TestCases.Graph_TestCases" name="SelectStackModule" time="0.534"/>
  <testcase classname="dsAlgo_TestCases.Stack_TestCases" name="VerifyStackTitle" time="0.015"/>
  <testcase classname="dsAlgo_TestCases.Stack_TestCases" name="noOfTopics" time="0.078"/>
  <testcase classname="dsAlgo_TestCases.Stack_TestCases" name="Graph" time="2.143"/>
  <testcase classname="dsAlgo_TestCases.Stack_TestCases" name="SelectQueueModule" time="0.411"/>
  <testcase classname="dsAlgo_TestCases.Queue_TestCases" name="VerifyQueueTitle" time="0.013"/>
  <testcase classname="dsAlgo_TestCases.Queue_TestCases" name="noOfTopics" time="0.137"/>
  <testcase classname="dsAlgo_TestCases.Queue_TestCases" name="Graph" time="4.284"/>
  <testcase classname="dsAlgo_TestCases.Queue_TestCases" name="SelectQueueModule" time="0.481"/>
  <testcase classname="dsAlgo_TestCases.Tree_TestCases" name="VerifyTreeTitle" time="0.016"/>
  <testcase classname="dsAlgo_TestCases.Tree_TestCases" name="noOfTopics" time="0.363"/>
  <testcase classname="dsAlgo_TestCases.Tree_TestCases" name="Tree" time="13.827"/>
  <testcase classname="dsAlgo_TestCases.Tree_TestCases" name="SelectQueueModule" time="0.466"/>
  <testcase classname="dsAlgo_TestCases.LinkedList_TestCase" name="VerifyLinkedListTitle" time="0.017"/>
  <testcase classname="dsAlgo_TestCases.LinkedList_TestCase" name="noOfTopics" time="0.24"/>
  <testcase classname="dsAlgo_TestCases.LinkedList_TestCase" name="LinkedList" time="8.33"/>
  <testcase classname="dsAlgo_TestCases.LinkedList_TestCase" name="signOut" time="0.316"/>
  <testcase classname="com.dsalgo.base.Base" name="@BeforeTest crossBrowser" time="0.0">
    <ignored/>
  </testcase> <!-- @BeforeTest crossBrowser -->
  <testcase classname="com.dsalgo.base.Base" name="@BeforeTest crossBrowser" time="0.0">
    <ignored/>
  </testcase> <!-- @BeforeTest crossBrowser -->
  <testcase classname="com.dsalgo.base.Base" name="@BeforeTest crossBrowser" time="0.0">
    <ignored/>
  </testcase> <!-- @BeforeTest crossBrowser -->
  <testcase classname="com.dsalgo.base.Base" name="@BeforeTest crossBrowser" time="0.0">
    <ignored/>
  </testcase> <!-- @BeforeTest crossBrowser -->
  <testcase classname="com.dsalgo.base.Base" name="@BeforeTest crossBrowser" time="0.0">
    <ignored/>
  </testcase> <!-- @BeforeTest crossBrowser -->
  <testcase classname="com.dsalgo.base.Base" name="@BeforeTest crossBrowser" time="0.0">
    <ignored/>
  </testcase> <!-- @BeforeTest crossBrowser -->
  <testcase classname="com.dsalgo.base.Base" name="@BeforeTest crossBrowser" time="0.0">
    <ignored/>
  </testcase> <!-- @BeforeTest crossBrowser -->
  <testcase classname="com.dsalgo.base.Base" name="@BeforeTest crossBrowser" time="0.0">
    <ignored/>
  </testcase> <!-- @BeforeTest crossBrowser -->
  <testcase classname="com.dsalgo.base.Base" name="@BeforeTest crossBrowser" time="0.0">
    <ignored/>
  </testcase> <!-- @BeforeTest crossBrowser -->
</testsuite> <!-- firefox_test -->
