<?xml version="1.0" encoding="UTF-8"?>
<!-- Generated by org.testng.reporters.JUnitXMLReporter -->
<testsuite ignored="0" hostname="DESKTOP-D49DQUF" failures="0" tests="3" name="Default test" time="9.576" errors="0" timestamp="2022-04-21T10:56:45 EDT">
  <testcase classname="dsAlgo_Test.Login_Test" name="startPage" time="6.628"/>
  <testcase classname="dsAlgo_Test.Login_Test" name="excel" time="1.256"/>
  <testcase classname="dsAlgo_Test.Login_Test" name="verifyLogin" time="1.507"/>
</testsuite> <!-- Default test -->
