<?xml version="1.0" encoding="UTF-8"?>
<!-- Generated by org.testng.reporters.JUnitXMLReporter -->
<testsuite ignored="0" hostname="DESKTOP-D49DQUF" failures="0" tests="4" name="Default test" time="7.141" errors="0" timestamp="2022-04-28T11:08:16 EDT">
  <testcase classname="dsAlgo_TestCases.DsAlgo_HomePage_TestCase" name="verifyHomepageTitle" time="0.066"/>
  <testcase classname="dsAlgo_TestCases.DsAlgo_HomePage_TestCase" name="setUp" time="2.601"/>
  <testcase classname="dsAlgo_TestCases.DsAlgo_HomePage_TestCase" name="totalModules" time="0.145"/>
  <testcase classname="dsAlgo_TestCases.DsAlgo_HomePage_TestCase" name="choseDataStructure" time="0.303"/>
</testsuite> <!-- Default test -->
