<?xml version="1.0" encoding="UTF-8"?>
<testng-results ignored="0" total="3" passed="3" failed="0" skipped="0">
  <reporter-output>
  </reporter-output>
  <suite started-at="2022-04-21T10:56:35 EDT" name="Default suite" finished-at="2022-04-21T10:56:45 EDT" duration-ms="9576">
    <groups>
    </groups>
    <test started-at="2022-04-21T10:56:35 EDT" name="Default test" finished-at="2022-04-21T10:56:45 EDT" duration-ms="9576">
      <class name="dsAlgo_Test.Login_Test">
        <test-method is-config="true" signature="beforeSuite()[pri:0, instance:dsAlgo_Test.Login_Test@6d60fe40]" started-at="2022-04-21T10:56:35 EDT" name="beforeSuite" finished-at="2022-04-21T10:56:35 EDT" duration-ms="350" status="PASS">
          <reporter-output>
          </reporter-output>
        </test-method> <!-- beforeSuite -->
        <test-method signature="startPage()[pri:1, instance:dsAlgo_Test.Login_Test@6d60fe40]" started-at="2022-04-21T10:56:35 EDT" name="startPage" description="This testcase will open the browser and click on the getstart button" finished-at="2022-04-21T10:56:42 EDT" duration-ms="6628" status="PASS">
          <reporter-output>
          </reporter-output>
        </test-method> <!-- startPage -->
        <test-method signature="excel()[pri:2, instance:dsAlgo_Test.Login_Test@6d60fe40]" started-at="2022-04-21T10:56:42 EDT" name="excel" finished-at="2022-04-21T10:56:43 EDT" duration-ms="1256" status="PASS">
          <reporter-output>
          </reporter-output>
        </test-method> <!-- excel -->
        <test-method signature="verifyLogin()[pri:3, instance:dsAlgo_Test.Login_Test@6d60fe40]" started-at="2022-04-21T10:56:43 EDT" name="verifyLogin" finished-at="2022-04-21T10:56:45 EDT" duration-ms="1507" status="PASS">
          <reporter-output>
          </reporter-output>
        </test-method> <!-- verifyLogin -->
        <test-method is-config="true" signature="afterSuite()[pri:0, instance:dsAlgo_Test.Login_Test@6d60fe40]" started-at="2022-04-21T10:56:45 EDT" name="afterSuite" finished-at="2022-04-21T10:56:46 EDT" duration-ms="841" status="PASS">
          <reporter-output>
          </reporter-output>
        </test-method> <!-- afterSuite -->
      </class> <!-- dsAlgo_Test.Login_Test -->
    </test> <!-- Default test -->
  </suite> <!-- Default suite -->
</testng-results>
